<?xml version="1.0" encoding="UTF-8"?>
<testsuite xmlns:xsi="http://www.w3.org/2001/XMLSchema-instance" xsi:noNamespaceSchemaLocation="https://maven.apache.org/surefire/maven-surefire-plugin/xsd/surefire-test-report-3.0.xsd" version="3.0" name="com.example.exam.OnlineExamApplicationTests" time="14.071" tests="1" errors="0" skipped="0" failures="0">
  <properties>
[...]
</properties>
  <testcase name="contextLoads" classname="com.example.exam.OnlineExamApplicationTests" time="1.08">
    <system-out><![CDATA[19:22:20.820 [main] INFO org.springframework.test.context.support.AnnotationConfigContextLoaderUtils -- Could not detect default configuration classes for test class [com.example.exam.OnlineExamApplicationTests]: OnlineExamApplicationTests does not declare any static, non-private, non-final, nested classes annotated with @Configuration.
19:22:21.134 [main] INFO org.springframework.boot.test.context.SpringBootTestContextBootstrapper -- Found @SpringBootConfiguration com.example.exam.OnlineExamApplication for test class com.example.exam.OnlineExamApplicationTests
19:22:21.565 [main] INFO org.springframework.boot.devtools.restart.RestartApplicationListener -- Restart disabled due to context in which it is running

  .   ____          _            __ _ _
 /\\ / ___'_ __ _ _(_)_ __  __ _ \ \ \ \
( ( )\___ | '_ | '_| | '_ \/ _` | \ \ \ \
 \\/  ___)| |_)| | | | | || (_| |  ) ) ) )
  '  |____| .__|_| |_|_| |_\__, | / / / /
 =========|_|==============|___/=/_/_/_/
 :: Spring Boot ::                (v3.2.0)

2026-01-26T19:22:22.197+06:00  INFO 19316 --- [online-exam] [           main] c.e.exam.OnlineExamApplicationTests      : Starting OnlineExamApplicationTests using Java 21 with PID 19316 (started by zakar in C:\Demo1\online-exam-system-master)
2026-01-26T19:22:22.199+06:00  INFO 19316 --- [online-exam] [           main] c.e.exam.OnlineExamApplicationTests      : No active profile set, falling back to 1 default profile: "default"
2026-01-26T19:22:24.646+06:00  INFO 19316 --- [online-exam] [           main] .s.d.r.c.RepositoryConfigurationDelegate : Bootstrapping Spring Data JPA repositories in DEFAULT mode.
2026-01-26T19:22:24.853+06:00  INFO 19316 --- [online-exam] [           main] .s.d.r.c.RepositoryConfigurationDelegate : Finished Spring Data repository scanning in 180 ms. Found 5 JPA repository interfaces.
2026-01-26T19:22:26.183+06:00  INFO 19316 --- [online-exam] [           main] o.hibernate.jpa.internal.util.LogHelper  : HHH000204: Processing PersistenceUnitInfo [name: default]
2026-01-26T19:22:26.401+06:00  INFO 19316 --- [online-exam] [           main] org.hibernate.Version                    : HHH000412: Hibernate ORM core version 6.3.1.Final
2026-01-26T19:22:26.518+06:00  INFO 19316 --- [online-exam] [           main] o.h.c.internal.RegionFactoryInitiator    : HHH000026: Second-level cache disabled
2026-01-26T19:22:27.260+06:00  INFO 19316 --- [online-exam] [           main] o.s.o.j.p.SpringPersistenceUnitInfo      : No LoadTimeWeaver setup: ignoring JPA class transformer
2026-01-26T19:22:27.387+06:00  INFO 19316 --- [online-exam] [           main] com.zaxxer.hikari.HikariDataSource       : HikariPool-1 - Starting...
2026-01-26T19:22:27.790+06:00  INFO 19316 --- [online-exam] [           main] com.zaxxer.hikari.pool.HikariPool        : HikariPool-1 - Added connection com.mysql.cj.jdbc.ConnectionImpl@77c23d90
2026-01-26T19:22:27.794+06:00  INFO 19316 --- [online-exam] [           main] com.zaxxer.hikari.HikariDataSource       : HikariPool-1 - Start completed.
2026-01-26T19:22:27.904+06:00  WARN 19316 --- [online-exam] [           main] org.hibernate.orm.deprecation            : HHH90000025: MySQLDialect does not need to be specified explicitly using 'hibernate.dialect' (remove the property setting and it will be selected by default)
2026-01-26T19:22:29.959+06:00  INFO 19316 --- [online-exam] [           main] o.h.e.t.j.p.i.JtaPlatformInitiator       : HHH000489: No JTA platform available (set 'hibernate.transaction.jta.platform' to enable JTA platform integration)
2026-01-26T19:22:30.131+06:00  INFO 19316 --- [online-exam] [           main] j.LocalContainerEntityManagerFactoryBean : Initialized JPA EntityManagerFactory for persistence unit 'default'
2026-01-26T19:22:31.393+06:00  WARN 19316 --- [online-exam] [           main] JpaBaseConfiguration$JpaWebConfiguration : spring.jpa.open-in-view is enabled by default. Therefore, database queries may be performed during view rendering. Explicitly configure spring.jpa.open-in-view to disable this warning
2026-01-26T19:22:31.798+06:00  INFO 19316 --- [online-exam] [           main] o.s.b.a.w.s.WelcomePageHandlerMapping    : Adding welcome page template: index
2026-01-26T19:22:32.286+06:00  INFO 19316 --- [online-exam] [           main] o.s.s.web.DefaultSecurityFilterChain     : Will secure any request with [org.springframework.security.web.session.DisableEncodeUrlFilter@6fc3f1a7, org.springframework.security.web.context.request.async.WebAsyncManagerIntegrationFilter@7151dd9d, org.springframework.security.web.context.SecurityContextHolderFilter@24d7c365, org.springframework.security.web.header.HeaderWriterFilter@55bafbc1, org.springframework.web.filter.CorsFilter@1f596988, org.springframework.security.web.authentication.logout.LogoutFilter@3d0ce151, org.springframework.security.web.authentication.UsernamePasswordAuthenticationFilter@44c54463, org.springframework.security.web.savedrequest.RequestCacheAwareFilter@62ff3028, org.springframework.security.web.servletapi.SecurityContextHolderAwareRequestFilter@45e68fac, org.springframework.security.web.authentication.AnonymousAuthenticationFilter@6bf34912, org.springframework.security.web.access.ExceptionTranslationFilter@1f3f0d25, org.springframework.security.web.access.intercept.AuthorizationFilter@2027d56f]
2026-01-26T19:22:32.977+06:00  INFO 19316 --- [online-exam] [           main] c.e.exam.OnlineExamApplicationTests      : Started OnlineExamApplicationTests in 11.449 seconds (process running for 14.413)
Hibernate: 
    select
        u1_0.id,
        u1_0.full_name,
        u1_0.mobile_number,
        u1_0.password,
        u1_0.profile_pic_url,
        u1_0.role,
        u1_0.username 
    from
        users u1_0 
    where
        u1_0.username=?
>>> Admin user 'admin' already exists. <<<
]]></system-out>
    <system-err><![CDATA[WARNING: A Java agent has been loaded dynamically (C:\Users\zakar\.m2\repository\net\bytebuddy\byte-buddy-agent\1.14.10\byte-buddy-agent-1.14.10.jar)
WARNING: If a serviceability tool is in use, please run with -XX:+EnableDynamicAgentLoading to hide this warning
WARNING: If a serviceability tool is not in use, please run with -Djdk.instrument.traceUsage for more information
WARNING: Dynamic loading of agents will be disallowed by default in a future release
]]></system-err>
  </testcase>
</testsuite>